[debug] [2021-06-25T17:46:28.240Z] ----------------------------------------------------------------------
[debug] [2021-06-25T17:46:28.248Z] Command:       C:\Program Files\nodejs\node.exe C:\Users\ankit upadhya\AppData\Roaming\npm\node_modules\firebase-tools\lib\bin\firebase.js emulators:start
[debug] [2021-06-25T17:46:28.249Z] CLI Version:   9.14.0
[debug] [2021-06-25T17:46:28.249Z] Platform:      win32
[debug] [2021-06-25T17:46:28.249Z] Node Version:  v14.17.0
[debug] [2021-06-25T17:46:28.251Z] Time:          Fri Jun 25 2021 23:16:28 GMT+0530 (India Standard Time)
[debug] [2021-06-25T17:46:28.251Z] ----------------------------------------------------------------------
[debug] 
[debug] [2021-06-25T17:46:28.470Z] > command requires scopes: ["email","openid","https://www.googleapis.com/auth/cloudplatformprojects.readonly","https://www.googleapis.com/auth/firebase","https://www.googleapis.com/auth/cloud-platform"]
[debug] [2021-06-25T17:46:28.470Z] > authorizing via signed-in user (rajandarkumar04@gmail.com)
[info] i  emulators: Starting emulators: functions, hosting {"metadata":{"emulator":{"name":"hub"},"message":"Starting emulators: functions, hosting"}}
[debug] [2021-06-25T17:46:28.557Z] [hub] writing locator at C:\Users\ANKITU~1\AppData\Local\Temp\hub-clone-4b8d7.json
[warn] !  functions: The following emulators are not running, calls to these services from the Functions emulator will affect production: auth, firestore, database, pubsub, storage {"metadata":{"emulator":{"name":"functions"},"message":"The following emulators are not running, calls to these services from the Functions emulator will affect production: \u001b[1mauth, firestore, database, pubsub, storage\u001b[22m"}}
[info] +  functions: Using node@14 from host. {"metadata":{"emulator":{"name":"functions"},"message":"Using node@14 from host."}}
[debug] [2021-06-25T17:46:28.680Z] defaultcredentials: writing to file C:\Users\ankit upadhya\AppData\Roaming\firebase\rajandarkumar04_gmail_com_application_default_credentials.json
[debug] [2021-06-25T17:46:28.686Z] Setting GAC to C:\Users\ankit upadhya\AppData\Roaming\firebase\rajandarkumar04_gmail_com_application_default_credentials.json {"metadata":{"emulator":{"name":"functions"},"message":"Setting GAC to C:\\Users\\ankit upadhya\\AppData\\Roaming\\firebase\\rajandarkumar04_gmail_com_application_default_credentials.json"}}
[debug] [2021-06-25T17:46:28.722Z] > refreshing access token with scopes: []
[debug] [2021-06-25T17:46:28.724Z] >>> HTTP REQUEST POST https://www.googleapis.com/oauth2/v3/token  
 <request body omitted>
[debug] [2021-06-25T17:46:28.968Z] <<< HTTP RESPONSE 200 {"expires":"Mon, 01 Jan 1990 00:00:00 GMT","pragma":"no-cache","cache-control":"no-cache, no-store, max-age=0, must-revalidate","date":"Fri, 25 Jun 2021 17:46:28 GMT","content-type":"application/json; charset=utf-8","vary":"X-Origin, Referer, Origin,Accept-Encoding","server":"scaffolding on HTTPServer2","x-xss-protection":"0","x-frame-options":"SAMEORIGIN","x-content-type-options":"nosniff","alt-svc":"h3=\":443\"; ma=2592000,h3-29=\":443\"; ma=2592000,h3-T051=\":443\"; ma=2592000,h3-Q050=\":443\"; ma=2592000,h3-Q046=\":443\"; ma=2592000,h3-Q043=\":443\"; ma=2592000,quic=\":443\"; ma=2592000; v=\"46,43\"","accept-ranges":"none","transfer-encoding":"chunked"}
[debug] [2021-06-25T17:46:29.721Z] >>> [apiv2][query] GET https://firebase.googleapis.com/v1beta1/projects/clone-4b8d7/adminSdkConfig [none]
[debug] [2021-06-25T17:46:30.400Z] <<< [apiv2][status] GET https://firebase.googleapis.com/v1beta1/projects/clone-4b8d7/adminSdkConfig 200
[debug] [2021-06-25T17:46:30.400Z] <<< [apiv2][body] GET https://firebase.googleapis.com/v1beta1/projects/clone-4b8d7/adminSdkConfig {"projectId":"clone-4b8d7","storageBucket":"clone-4b8d7.appspot.com","locationId":"us-central"}
[debug] [2021-06-25T17:46:31.028Z] >>> [apiv2][query] GET https://firebasehosting.googleapis.com/v1beta1/projects/clone-4b8d7/sites 
[debug] [2021-06-25T17:46:32.959Z] <<< [apiv2][status] GET https://firebasehosting.googleapis.com/v1beta1/projects/clone-4b8d7/sites 200
[debug] [2021-06-25T17:46:32.961Z] <<< [apiv2][body] GET https://firebasehosting.googleapis.com/v1beta1/projects/clone-4b8d7/sites {"sites":[{"name":"projects/833500836079/sites/clone-4b8d7","defaultUrl":"https://clone-4b8d7.web.app","appId":"1:833500836079:web:e47285973ace1e78c62b1a","type":"DEFAULT_SITE"}]}
[debug] [2021-06-25T17:46:32.962Z] >>> [apiv2][query] GET https://firebase.googleapis.com/v1beta1/projects/clone-4b8d7/webApps/1:833500836079:web:e47285973ace1e78c62b1a/config [none]
[debug] [2021-06-25T17:46:34.315Z] <<< [apiv2][status] GET https://firebase.googleapis.com/v1beta1/projects/clone-4b8d7/webApps/1:833500836079:web:e47285973ace1e78c62b1a/config 200
[debug] [2021-06-25T17:46:34.315Z] <<< [apiv2][body] GET https://firebase.googleapis.com/v1beta1/projects/clone-4b8d7/webApps/1:833500836079:web:e47285973ace1e78c62b1a/config {"projectId":"clone-4b8d7","appId":"1:833500836079:web:e47285973ace1e78c62b1a","storageBucket":"clone-4b8d7.appspot.com","locationId":"us-central","apiKey":"AIzaSyDAdDXYbMS_kpjDlm6eQ10g1Hv5pS7_QB4","authDomain":"clone-4b8d7.firebaseapp.com","messagingSenderId":"833500836079","measurementId":"G-FJF9WHDES0"}
[info] i  hosting: Serving hosting files from: build {"metadata":{"emulator":{"name":"hosting"},"message":"Serving hosting files from: \u001b[1mbuild\u001b[22m"}}
[info] +  hosting: Local server: http://localhost:5000 {"metadata":{"emulator":{"name":"hosting"},"message":"Local server: \u001b[4m\u001b[1mhttp://localhost:5000\u001b[22m\u001b[24m"}}
[warn] !  ui: Emulator UI unable to start on port 4000, starting on 4003 instead. {"metadata":{"emulator":{"name":"ui"},"message":"Emulator UI unable to start on port 4000, starting on 4003 instead."}}
[debug] [2021-06-25T17:46:34.596Z] Ignoring unsupported arg: auto_download {"metadata":{"emulator":{"name":"ui"},"message":"Ignoring unsupported arg: auto_download"}}
[debug] [2021-06-25T17:46:34.597Z] Ignoring unsupported arg: port {"metadata":{"emulator":{"name":"ui"},"message":"Ignoring unsupported arg: port"}}
[debug] [2021-06-25T17:46:34.597Z] Starting Emulator UI with command {"binary":"node","args":["C:\\Users\\ankit upadhya\\.cache\\firebase\\emulators\\ui-v1.5.0\\server.bundle.js"],"optionalArgs":[],"joinArgs":false} {"metadata":{"emulator":{"name":"ui"},"message":"Starting Emulator UI with command {\"binary\":\"node\",\"args\":[\"C:\\\\Users\\\\ankit upadhya\\\\.cache\\\\firebase\\\\emulators\\\\ui-v1.5.0\\\\server.bundle.js\"],\"optionalArgs\":[],\"joinArgs\":false}"}}
[info] i  ui: Emulator UI logging to ui-debug.log {"metadata":{"emulator":{"name":"ui"},"message":"Emulator UI logging to \u001b[1mui-debug.log\u001b[22m"}}
[debug] [2021-06-25T17:46:35.089Z] Web / API server started at http://localhost:4003
 {"metadata":{"emulator":{"name":"ui"},"message":"Web / API server started at http://localhost:4003\n"}}
[info] i  functions: Watching "C:\Users\ankit upadhya\Documents\web template\amazon clone\amazon-clone\functions" for Cloud Functions... {"metadata":{"emulator":{"name":"functions"},"message":"Watching \"C:\\Users\\ankit upadhya\\Documents\\web template\\amazon clone\\amazon-clone\\functions\" for Cloud Functions..."}}
[debug] [2021-06-25T17:46:35.207Z] [worker-pool] addWorker(~diagnostic~) {"metadata":{"emulator":{"name":"functions"},"message":"[worker-pool] addWorker(~diagnostic~)"}}
[debug] [2021-06-25T17:46:35.208Z] [worker-pool] Adding worker with key ~diagnostic~, total=1 {"metadata":{"emulator":{"name":"functions"},"message":"[worker-pool] Adding worker with key ~diagnostic~, total=1"}}
[debug] [2021-06-25T17:46:35.208Z] [worker-pool] submitWork(triggerId=) {"metadata":{"emulator":{"name":"functions"},"message":"[worker-pool] submitWork(triggerId=)"}}
[debug] [2021-06-25T17:46:35.213Z] [worker-~diagnostic~-bbb1b6e0-8f8f-4505-a116-e78fe512b03d]: Assigning socketPath: \\?\pipe\C:\Users\ankit upadhya\Documents\web template\amazon clone\amazon-clone\functions\16896 {"metadata":{"emulator":{"name":"functions"},"message":"[worker-~diagnostic~-bbb1b6e0-8f8f-4505-a116-e78fe512b03d]: Assigning socketPath: \\\\?\\pipe\\C:\\Users\\ankit upadhya\\Documents\\web template\\amazon clone\\amazon-clone\\functions\\16896"}}
[debug] [2021-06-25T17:46:35.214Z] [worker-~diagnostic~-bbb1b6e0-8f8f-4505-a116-e78fe512b03d]: BUSY {"metadata":{"emulator":{"name":"functions"},"message":"[worker-~diagnostic~-bbb1b6e0-8f8f-4505-a116-e78fe512b03d]: BUSY"}}
[debug] [2021-06-25T17:46:36.487Z] [runtime-status] [16896] Functions runtime initialized. {"cwd":"C:\\Users\\ankit upadhya\\Documents\\web template\\amazon clone\\amazon-clone\\functions","node_version":"14.17.0"} {"metadata":{"emulator":{"name":"functions"},"message":"[runtime-status] [16896] Functions runtime initialized. {\"cwd\":\"C:\\\\Users\\\\ankit upadhya\\\\Documents\\\\web template\\\\amazon clone\\\\amazon-clone\\\\functions\",\"node_version\":\"14.17.0\"}"}}
[debug] [2021-06-25T17:46:36.494Z] [runtime-status] [16896] Disabled runtime features: undefined {"metadata":{"emulator":{"name":"functions"},"message":"[runtime-status] [16896] Disabled runtime features: undefined"}}
[debug] [2021-06-25T17:46:36.504Z] [runtime-status] [16896] Resolved module firebase-admin {"declared":true,"installed":true,"version":"9.9.0","resolution":"C:\\Users\\ankit upadhya\\Documents\\web template\\amazon clone\\amazon-clone\\functions\\node_modules\\firebase-admin\\lib\\index.js"} {"metadata":{"emulator":{"name":"functions"},"message":"[runtime-status] [16896] Resolved module firebase-admin {\"declared\":true,\"installed\":true,\"version\":\"9.9.0\",\"resolution\":\"C:\\\\Users\\\\ankit upadhya\\\\Documents\\\\web template\\\\amazon clone\\\\amazon-clone\\\\functions\\\\node_modules\\\\firebase-admin\\\\lib\\\\index.js\"}"}}
[debug] [2021-06-25T17:46:36.508Z] [runtime-status] [16896] Resolved module firebase-functions {"declared":true,"installed":true,"version":"3.14.1","resolution":"C:\\Users\\ankit upadhya\\Documents\\web template\\amazon clone\\amazon-clone\\functions\\node_modules\\firebase-functions\\lib\\index.js"} {"metadata":{"emulator":{"name":"functions"},"message":"[runtime-status] [16896] Resolved module firebase-functions {\"declared\":true,\"installed\":true,\"version\":\"3.14.1\",\"resolution\":\"C:\\\\Users\\\\ankit upadhya\\\\Documents\\\\web template\\\\amazon clone\\\\amazon-clone\\\\functions\\\\node_modules\\\\firebase-functions\\\\lib\\\\index.js\"}"}}
[debug] [2021-06-25T17:46:36.513Z] [runtime-status] [16896] Resolved module firebase-functions {"declared":true,"installed":true,"version":"3.14.1","resolution":"C:\\Users\\ankit upadhya\\Documents\\web template\\amazon clone\\amazon-clone\\functions\\node_modules\\firebase-functions\\lib\\index.js"} {"metadata":{"emulator":{"name":"functions"},"message":"[runtime-status] [16896] Resolved module firebase-functions {\"declared\":true,\"installed\":true,\"version\":\"3.14.1\",\"resolution\":\"C:\\\\Users\\\\ankit upadhya\\\\Documents\\\\web template\\\\amazon clone\\\\amazon-clone\\\\functions\\\\node_modules\\\\firebase-functions\\\\lib\\\\index.js\"}"}}
[debug] [2021-06-25T17:46:36.517Z] [runtime-status] [16896] Outgoing network have been stubbed. [{"name":"http","status":"mocked"},{"name":"http","status":"mocked"},{"name":"https","status":"mocked"},{"name":"https","status":"mocked"},{"name":"net","status":"mocked"}] {"metadata":{"emulator":{"name":"functions"},"message":"[runtime-status] [16896] Outgoing network have been stubbed. [{\"name\":\"http\",\"status\":\"mocked\"},{\"name\":\"http\",\"status\":\"mocked\"},{\"name\":\"https\",\"status\":\"mocked\"},{\"name\":\"https\",\"status\":\"mocked\"},{\"name\":\"net\",\"status\":\"mocked\"}]"}}
[debug] [2021-06-25T17:46:36.519Z] [runtime-status] [16896] Resolved module firebase-functions {"declared":true,"installed":true,"version":"3.14.1","resolution":"C:\\Users\\ankit upadhya\\Documents\\web template\\amazon clone\\amazon-clone\\functions\\node_modules\\firebase-functions\\lib\\index.js"} {"metadata":{"emulator":{"name":"functions"},"message":"[runtime-status] [16896] Resolved module firebase-functions {\"declared\":true,\"installed\":true,\"version\":\"3.14.1\",\"resolution\":\"C:\\\\Users\\\\ankit upadhya\\\\Documents\\\\web template\\\\amazon clone\\\\amazon-clone\\\\functions\\\\node_modules\\\\firebase-functions\\\\lib\\\\index.js\"}"}}
[debug] [2021-06-25T17:46:36.785Z] [runtime-status] [16896] Checked functions.config() {"config":{}} {"metadata":{"emulator":{"name":"functions"},"message":"[runtime-status] [16896] Checked functions.config() {\"config\":{}}"}}
[debug] [2021-06-25T17:46:36.787Z] [runtime-status] [16896] firebase-functions has been stubbed. {"functionsResolution":{"declared":true,"installed":true,"version":"3.14.1","resolution":"C:\\Users\\ankit upadhya\\Documents\\web template\\amazon clone\\amazon-clone\\functions\\node_modules\\firebase-functions\\lib\\index.js"}} {"metadata":{"emulator":{"name":"functions"},"message":"[runtime-status] [16896] firebase-functions has been stubbed. {\"functionsResolution\":{\"declared\":true,\"installed\":true,\"version\":\"3.14.1\",\"resolution\":\"C:\\\\Users\\\\ankit upadhya\\\\Documents\\\\web template\\\\amazon clone\\\\amazon-clone\\\\functions\\\\node_modules\\\\firebase-functions\\\\lib\\\\index.js\"}}"}}
[debug] [2021-06-25T17:46:36.790Z] [runtime-status] [16896] Resolved module firebase-functions {"declared":true,"installed":true,"version":"3.14.1","resolution":"C:\\Users\\ankit upadhya\\Documents\\web template\\amazon clone\\amazon-clone\\functions\\node_modules\\firebase-functions\\lib\\index.js"} {"metadata":{"emulator":{"name":"functions"},"message":"[runtime-status] [16896] Resolved module firebase-functions {\"declared\":true,\"installed\":true,\"version\":\"3.14.1\",\"resolution\":\"C:\\\\Users\\\\ankit upadhya\\\\Documents\\\\web template\\\\amazon clone\\\\amazon-clone\\\\functions\\\\node_modules\\\\firebase-functions\\\\lib\\\\index.js\"}"}}
[debug] [2021-06-25T17:46:36.795Z] [runtime-status] [16896] Resolved module firebase-admin {"declared":true,"installed":true,"version":"9.9.0","resolution":"C:\\Users\\ankit upadhya\\Documents\\web template\\amazon clone\\amazon-clone\\functions\\node_modules\\firebase-admin\\lib\\index.js"} {"metadata":{"emulator":{"name":"functions"},"message":"[runtime-status] [16896] Resolved module firebase-admin {\"declared\":true,\"installed\":true,\"version\":\"9.9.0\",\"resolution\":\"C:\\\\Users\\\\ankit upadhya\\\\Documents\\\\web template\\\\amazon clone\\\\amazon-clone\\\\functions\\\\node_modules\\\\firebase-admin\\\\lib\\\\index.js\"}"}}
[debug] [2021-06-25T17:46:36.797Z] [runtime-status] [16896] Resolved module firebase-functions {"declared":true,"installed":true,"version":"3.14.1","resolution":"C:\\Users\\ankit upadhya\\Documents\\web template\\amazon clone\\amazon-clone\\functions\\node_modules\\firebase-functions\\lib\\index.js"} {"metadata":{"emulator":{"name":"functions"},"message":"[runtime-status] [16896] Resolved module firebase-functions {\"declared\":true,\"installed\":true,\"version\":\"3.14.1\",\"resolution\":\"C:\\\\Users\\\\ankit upadhya\\\\Documents\\\\web template\\\\amazon clone\\\\amazon-clone\\\\functions\\\\node_modules\\\\firebase-functions\\\\lib\\\\index.js\"}"}}
[debug] [2021-06-25T17:46:36.798Z] [runtime-status] [16896] firebase-admin has been stubbed. {"adminResolution":{"declared":true,"installed":true,"version":"9.9.0","resolution":"C:\\Users\\ankit upadhya\\Documents\\web template\\amazon clone\\amazon-clone\\functions\\node_modules\\firebase-admin\\lib\\index.js"}} {"metadata":{"emulator":{"name":"functions"},"message":"[runtime-status] [16896] firebase-admin has been stubbed. {\"adminResolution\":{\"declared\":true,\"installed\":true,\"version\":\"9.9.0\",\"resolution\":\"C:\\\\Users\\\\ankit upadhya\\\\Documents\\\\web template\\\\amazon clone\\\\amazon-clone\\\\functions\\\\node_modules\\\\firebase-admin\\\\lib\\\\index.js\"}}"}}
[info] +  functions[us-central1-api]: http function initialized (http://localhost:5001/clone-4b8d7/us-central1/api). {"metadata":{"emulator":{"name":"functions"},"message":"\u001b[1mhttp\u001b[22m function initialized (http://localhost:5001/clone-4b8d7/us-central1/api)."}}
[info] 
┌─────────────────────────────────────────────────────────────┐
│ ✔  All emulators ready! It is now safe to connect your app. │
│ i  View Emulator UI at http://localhost:4003                │
└─────────────────────────────────────────────────────────────┘

┌───────────┬────────────────┬─────────────────────────────────┐
│ Emulator  │ Host:Port      │ View in Emulator UI             │
├───────────┼────────────────┼─────────────────────────────────┤
│ Functions │ localhost:5001 │ http://localhost:4003/functions │
├───────────┼────────────────┼─────────────────────────────────┤
│ Hosting   │ localhost:5000 │ n/a                             │
└───────────┴────────────────┴─────────────────────────────────┘
  Emulator Hub running at localhost:4400
  Other reserved ports: 4500

Issues? Report them at https://github.com/firebase/firebase-tools/issues and attach the *-debug.log files.
 
[debug] [2021-06-25T17:46:37.731Z] [worker-~diagnostic~-bbb1b6e0-8f8f-4505-a116-e78fe512b03d]: IDLE {"metadata":{"emulator":{"name":"functions"},"message":"[worker-~diagnostic~-bbb1b6e0-8f8f-4505-a116-e78fe512b03d]: IDLE"}}
[debug] [2021-06-25T17:50:23.629Z] [work-queue] {"queueLength":1,"workRunningCount":0}
[debug] [2021-06-25T17:50:23.630Z] [work-queue] {"queueLength":0,"workRunningCount":1}
[debug] [2021-06-25T17:50:23.632Z] Accepted request POST /clone-4b8d7/us-central1/api/payments/create?total=7198900 --> us-central1-api
[debug] [2021-06-25T17:50:23.651Z] [worker-pool] addWorker(us-central1-api) {"metadata":{"emulator":{"name":"functions"},"message":"[worker-pool] addWorker(us-central1-api)"}}
[debug] [2021-06-25T17:50:23.652Z] [worker-pool] Adding worker with key us-central1-api, total=1 {"metadata":{"emulator":{"name":"functions"},"message":"[worker-pool] Adding worker with key us-central1-api, total=1"}}
[debug] [2021-06-25T17:50:23.652Z] [worker-pool] submitWork(triggerId=us-central1-api) {"metadata":{"emulator":{"name":"functions"},"message":"[worker-pool] submitWork(triggerId=us-central1-api)"}}
[debug] [2021-06-25T17:50:23.653Z] [worker-us-central1-api-1c6458a0-68aa-4656-a845-5b4f2d032599]: Assigning socketPath: \\?\pipe\C:\Users\ankit upadhya\Documents\web template\amazon clone\amazon-clone\functions\14224 {"metadata":{"emulator":{"name":"functions"},"message":"[worker-us-central1-api-1c6458a0-68aa-4656-a845-5b4f2d032599]: Assigning socketPath: \\\\?\\pipe\\C:\\Users\\ankit upadhya\\Documents\\web template\\amazon clone\\amazon-clone\\functions\\14224"}}
[debug] [2021-06-25T17:50:23.653Z] [worker-us-central1-api-1c6458a0-68aa-4656-a845-5b4f2d032599]: BUSY {"metadata":{"emulator":{"name":"functions"},"message":"[worker-us-central1-api-1c6458a0-68aa-4656-a845-5b4f2d032599]: BUSY"}}
[debug] [2021-06-25T17:50:24.583Z] [runtime-status] [14224] Functions runtime initialized. {"cwd":"C:\\Users\\ankit upadhya\\Documents\\web template\\amazon clone\\amazon-clone\\functions","node_version":"14.17.0"} {"metadata":{"emulator":{"name":"functions"},"function":{"name":"us-central1-api"},"message":"[runtime-status] [14224] Functions runtime initialized. {\"cwd\":\"C:\\\\Users\\\\ankit upadhya\\\\Documents\\\\web template\\\\amazon clone\\\\amazon-clone\\\\functions\",\"node_version\":\"14.17.0\"}"}}
[debug] [2021-06-25T17:50:24.606Z] [runtime-status] [14224] Disabled runtime features: undefined {"metadata":{"emulator":{"name":"functions"},"function":{"name":"us-central1-api"},"message":"[runtime-status] [14224] Disabled runtime features: undefined"}}
[debug] [2021-06-25T17:50:24.622Z] [runtime-status] [14224] Resolved module firebase-admin {"declared":true,"installed":true,"version":"9.9.0","resolution":"C:\\Users\\ankit upadhya\\Documents\\web template\\amazon clone\\amazon-clone\\functions\\node_modules\\firebase-admin\\lib\\index.js"} {"metadata":{"emulator":{"name":"functions"},"function":{"name":"us-central1-api"},"message":"[runtime-status] [14224] Resolved module firebase-admin {\"declared\":true,\"installed\":true,\"version\":\"9.9.0\",\"resolution\":\"C:\\\\Users\\\\ankit upadhya\\\\Documents\\\\web template\\\\amazon clone\\\\amazon-clone\\\\functions\\\\node_modules\\\\firebase-admin\\\\lib\\\\index.js\"}"}}
[debug] [2021-06-25T17:50:24.627Z] [runtime-status] [14224] Resolved module firebase-functions {"declared":true,"installed":true,"version":"3.14.1","resolution":"C:\\Users\\ankit upadhya\\Documents\\web template\\amazon clone\\amazon-clone\\functions\\node_modules\\firebase-functions\\lib\\index.js"} {"metadata":{"emulator":{"name":"functions"},"function":{"name":"us-central1-api"},"message":"[runtime-status] [14224] Resolved module firebase-functions {\"declared\":true,\"installed\":true,\"version\":\"3.14.1\",\"resolution\":\"C:\\\\Users\\\\ankit upadhya\\\\Documents\\\\web template\\\\amazon clone\\\\amazon-clone\\\\functions\\\\node_modules\\\\firebase-functions\\\\lib\\\\index.js\"}"}}
[debug] [2021-06-25T17:50:24.633Z] [runtime-status] [14224] Resolved module firebase-functions {"declared":true,"installed":true,"version":"3.14.1","resolution":"C:\\Users\\ankit upadhya\\Documents\\web template\\amazon clone\\amazon-clone\\functions\\node_modules\\firebase-functions\\lib\\index.js"} {"metadata":{"emulator":{"name":"functions"},"function":{"name":"us-central1-api"},"message":"[runtime-status] [14224] Resolved module firebase-functions {\"declared\":true,\"installed\":true,\"version\":\"3.14.1\",\"resolution\":\"C:\\\\Users\\\\ankit upadhya\\\\Documents\\\\web template\\\\amazon clone\\\\amazon-clone\\\\functions\\\\node_modules\\\\firebase-functions\\\\lib\\\\index.js\"}"}}
[debug] [2021-06-25T17:50:24.637Z] [runtime-status] [14224] Outgoing network have been stubbed. [{"name":"http","status":"mocked"},{"name":"http","status":"mocked"},{"name":"https","status":"mocked"},{"name":"https","status":"mocked"},{"name":"net","status":"mocked"}] {"metadata":{"emulator":{"name":"functions"},"function":{"name":"us-central1-api"},"message":"[runtime-status] [14224] Outgoing network have been stubbed. [{\"name\":\"http\",\"status\":\"mocked\"},{\"name\":\"http\",\"status\":\"mocked\"},{\"name\":\"https\",\"status\":\"mocked\"},{\"name\":\"https\",\"status\":\"mocked\"},{\"name\":\"net\",\"status\":\"mocked\"}]"}}
[debug] [2021-06-25T17:50:24.639Z] [runtime-status] [14224] Resolved module firebase-functions {"declared":true,"installed":true,"version":"3.14.1","resolution":"C:\\Users\\ankit upadhya\\Documents\\web template\\amazon clone\\amazon-clone\\functions\\node_modules\\firebase-functions\\lib\\index.js"} {"metadata":{"emulator":{"name":"functions"},"function":{"name":"us-central1-api"},"message":"[runtime-status] [14224] Resolved module firebase-functions {\"declared\":true,\"installed\":true,\"version\":\"3.14.1\",\"resolution\":\"C:\\\\Users\\\\ankit upadhya\\\\Documents\\\\web template\\\\amazon clone\\\\amazon-clone\\\\functions\\\\node_modules\\\\firebase-functions\\\\lib\\\\index.js\"}"}}
[debug] [2021-06-25T17:50:24.788Z] [runtime-status] [14224] Checked functions.config() {"config":{}} {"metadata":{"emulator":{"name":"functions"},"function":{"name":"us-central1-api"},"message":"[runtime-status] [14224] Checked functions.config() {\"config\":{}}"}}
[debug] [2021-06-25T17:50:24.789Z] [runtime-status] [14224] firebase-functions has been stubbed. {"functionsResolution":{"declared":true,"installed":true,"version":"3.14.1","resolution":"C:\\Users\\ankit upadhya\\Documents\\web template\\amazon clone\\amazon-clone\\functions\\node_modules\\firebase-functions\\lib\\index.js"}} {"metadata":{"emulator":{"name":"functions"},"function":{"name":"us-central1-api"},"message":"[runtime-status] [14224] firebase-functions has been stubbed. {\"functionsResolution\":{\"declared\":true,\"installed\":true,\"version\":\"3.14.1\",\"resolution\":\"C:\\\\Users\\\\ankit upadhya\\\\Documents\\\\web template\\\\amazon clone\\\\amazon-clone\\\\functions\\\\node_modules\\\\firebase-functions\\\\lib\\\\index.js\"}}"}}
[debug] [2021-06-25T17:50:24.790Z] [runtime-status] [14224] Resolved module firebase-functions {"declared":true,"installed":true,"version":"3.14.1","resolution":"C:\\Users\\ankit upadhya\\Documents\\web template\\amazon clone\\amazon-clone\\functions\\node_modules\\firebase-functions\\lib\\index.js"} {"metadata":{"emulator":{"name":"functions"},"function":{"name":"us-central1-api"},"message":"[runtime-status] [14224] Resolved module firebase-functions {\"declared\":true,\"installed\":true,\"version\":\"3.14.1\",\"resolution\":\"C:\\\\Users\\\\ankit upadhya\\\\Documents\\\\web template\\\\amazon clone\\\\amazon-clone\\\\functions\\\\node_modules\\\\firebase-functions\\\\lib\\\\index.js\"}"}}
[debug] [2021-06-25T17:50:24.793Z] [runtime-status] [14224] Resolved module firebase-admin {"declared":true,"installed":true,"version":"9.9.0","resolution":"C:\\Users\\ankit upadhya\\Documents\\web template\\amazon clone\\amazon-clone\\functions\\node_modules\\firebase-admin\\lib\\index.js"} {"metadata":{"emulator":{"name":"functions"},"function":{"name":"us-central1-api"},"message":"[runtime-status] [14224] Resolved module firebase-admin {\"declared\":true,\"installed\":true,\"version\":\"9.9.0\",\"resolution\":\"C:\\\\Users\\\\ankit upadhya\\\\Documents\\\\web template\\\\amazon clone\\\\amazon-clone\\\\functions\\\\node_modules\\\\firebase-admin\\\\lib\\\\index.js\"}"}}
[debug] [2021-06-25T17:50:24.800Z] [runtime-status] [14224] Resolved module firebase-functions {"declared":true,"installed":true,"version":"3.14.1","resolution":"C:\\Users\\ankit upadhya\\Documents\\web template\\amazon clone\\amazon-clone\\functions\\node_modules\\firebase-functions\\lib\\index.js"} {"metadata":{"emulator":{"name":"functions"},"function":{"name":"us-central1-api"},"message":"[runtime-status] [14224] Resolved module firebase-functions {\"declared\":true,\"installed\":true,\"version\":\"3.14.1\",\"resolution\":\"C:\\\\Users\\\\ankit upadhya\\\\Documents\\\\web template\\\\amazon clone\\\\amazon-clone\\\\functions\\\\node_modules\\\\firebase-functions\\\\lib\\\\index.js\"}"}}
[debug] [2021-06-25T17:50:24.802Z] [runtime-status] [14224] firebase-admin has been stubbed. {"adminResolution":{"declared":true,"installed":true,"version":"9.9.0","resolution":"C:\\Users\\ankit upadhya\\Documents\\web template\\amazon clone\\amazon-clone\\functions\\node_modules\\firebase-admin\\lib\\index.js"}} {"metadata":{"emulator":{"name":"functions"},"function":{"name":"us-central1-api"},"message":"[runtime-status] [14224] firebase-admin has been stubbed. {\"adminResolution\":{\"declared\":true,\"installed\":true,\"version\":\"9.9.0\",\"resolution\":\"C:\\\\Users\\\\ankit upadhya\\\\Documents\\\\web template\\\\amazon clone\\\\amazon-clone\\\\functions\\\\node_modules\\\\firebase-admin\\\\lib\\\\index.js\"}}"}}
[debug] [2021-06-25T17:50:25.317Z] [runtime-status] [14224] Trigger "us-central1-api" has been found, beginning invocation! {"metadata":{"emulator":{"name":"functions"},"function":{"name":"us-central1-api"},"message":"[runtime-status] [14224] Trigger \"us-central1-api\" has been found, beginning invocation!"}}
[info] i  functions: Beginning execution of "us-central1-api" {"metadata":{"emulator":{"name":"functions"},"function":{"name":"us-central1-api"},"message":"Beginning execution of \"us-central1-api\""}}
[debug] [2021-06-25T17:50:25.319Z] [runtime-status] [14224] triggerDefinition {"httpsTrigger":{},"name":"api","entryPoint":"api","regions":["us-central1"],"region":"us-central1","id":"us-central1-api"} {"metadata":{"emulator":{"name":"functions"},"function":{"name":"us-central1-api"},"message":"[runtime-status] [14224] triggerDefinition {\"httpsTrigger\":{},\"name\":\"api\",\"entryPoint\":\"api\",\"regions\":[\"us-central1\"],\"region\":\"us-central1\",\"id\":\"us-central1-api\"}"}}
[debug] [2021-06-25T17:50:25.320Z] [runtime-status] [14224] Running us-central1-api in mode HTTPS {"metadata":{"emulator":{"name":"functions"},"function":{"name":"us-central1-api"},"message":"[runtime-status] [14224] Running us-central1-api in mode HTTPS"}}
[debug] [2021-06-25T17:50:25.335Z] [runtime-status] [14224] Attempting to listen to socketPath: \\?\pipe\C:\Users\ankit upadhya\Documents\web template\amazon clone\amazon-clone\functions\14224 {"metadata":{"emulator":{"name":"functions"},"function":{"name":"us-central1-api"},"message":"[runtime-status] [14224] Attempting to listen to socketPath: \\\\?\\pipe\\C:\\Users\\ankit upadhya\\Documents\\web template\\amazon clone\\amazon-clone\\functions\\14224"}}
[debug] [2021-06-25T17:50:25.343Z] [functions] Runtime ready! Sending request! {"metadata":{"emulator":{"name":"functions"},"message":"[functions] Runtime ready! Sending request!"}}
[debug] [2021-06-25T17:50:25.347Z] [functions] Got req.url=/clone-4b8d7/us-central1/api/payments/create?total=7198900, mapping to path=/payments/create?total=7198900 {"metadata":{"emulator":{"name":"functions"},"message":"[functions] Got req.url=/clone-4b8d7/us-central1/api/payments/create?total=7198900, mapping to path=/payments/create?total=7198900"}}
[debug] [2021-06-25T17:50:25.392Z] [runtime-status] [14224] Ephemeral server handling POST request {"metadata":{"emulator":{"name":"functions"},"function":{"name":"us-central1-api"},"message":"[runtime-status] [14224] Ephemeral server handling POST request"}}
[info] >  Payment Request Recieved Boom!! for this amount>>> 7198900 {"user":"Payment Request Recieved Boom!! for this amount>>> 7198900","metadata":{"emulator":{"name":"functions"},"function":{"name":"us-central1-api"},"message":"\u001b[90m> \u001b[39m Payment Request Recieved Boom!! for this amount>>> 7198900"}}
[debug] [2021-06-25T17:50:25.438Z] [runtime-status] [14224] Ephemeral server survived. {"metadata":{"emulator":{"name":"functions"},"function":{"name":"us-central1-api"},"message":"[runtime-status] [14224] Ephemeral server survived."}}
[info] i  functions: Finished "us-central1-api" in ~1s {"metadata":{"emulator":{"name":"functions"},"function":{"name":"us-central1-api"},"message":"Finished \"us-central1-api\" in ~1s"}}
[debug] [2021-06-25T17:50:26.209Z] [worker-us-central1-api-1c6458a0-68aa-4656-a845-5b4f2d032599]: IDLE {"metadata":{"emulator":{"name":"functions"},"message":"[worker-us-central1-api-1c6458a0-68aa-4656-a845-5b4f2d032599]: IDLE"}}
[debug] [2021-06-25T17:50:26.210Z] [work-queue] {"queueLength":0,"workRunningCount":0}
[debug] [2021-06-25T17:50:39.203Z] [work-queue] {"queueLength":1,"workRunningCount":0}
[debug] [2021-06-25T17:50:39.204Z] [work-queue] {"queueLength":0,"workRunningCount":1}
[debug] [2021-06-25T17:50:39.204Z] Accepted request POST /clone-4b8d7/us-central1/api/payments/create?total=0 --> us-central1-api
[debug] [2021-06-25T17:50:39.212Z] [worker-pool] submitWork(triggerId=us-central1-api) {"metadata":{"emulator":{"name":"functions"},"message":"[worker-pool] submitWork(triggerId=us-central1-api)"}}
[debug] [2021-06-25T17:50:39.212Z] [worker-us-central1-api-1c6458a0-68aa-4656-a845-5b4f2d032599]: Assigning socketPath: \\?\pipe\C:\Users\ankit upadhya\Documents\web template\amazon clone\amazon-clone\functions\14224 {"metadata":{"emulator":{"name":"functions"},"message":"[worker-us-central1-api-1c6458a0-68aa-4656-a845-5b4f2d032599]: Assigning socketPath: \\\\?\\pipe\\C:\\Users\\ankit upadhya\\Documents\\web template\\amazon clone\\amazon-clone\\functions\\14224"}}
[debug] [2021-06-25T17:50:39.213Z] [worker-us-central1-api-1c6458a0-68aa-4656-a845-5b4f2d032599]: BUSY {"metadata":{"emulator":{"name":"functions"},"message":"[worker-us-central1-api-1c6458a0-68aa-4656-a845-5b4f2d032599]: BUSY"}}
[debug] [2021-06-25T17:50:39.214Z] [runtime-status] [14224] Trigger "us-central1-api" has been found, beginning invocation! {"metadata":{"emulator":{"name":"functions"},"function":{"name":"us-central1-api"},"message":"[runtime-status] [14224] Trigger \"us-central1-api\" has been found, beginning invocation!"}}
[info] i  functions: Beginning execution of "us-central1-api" {"metadata":{"emulator":{"name":"functions"},"function":{"name":"us-central1-api"},"message":"Beginning execution of \"us-central1-api\""}}
[debug] [2021-06-25T17:50:39.219Z] [runtime-status] [14224] triggerDefinition {"httpsTrigger":{},"name":"api","entryPoint":"api","regions":["us-central1"],"region":"us-central1","id":"us-central1-api"} {"metadata":{"emulator":{"name":"functions"},"function":{"name":"us-central1-api"},"message":"[runtime-status] [14224] triggerDefinition {\"httpsTrigger\":{},\"name\":\"api\",\"entryPoint\":\"api\",\"regions\":[\"us-central1\"],\"region\":\"us-central1\",\"id\":\"us-central1-api\"}"}}
[debug] [2021-06-25T17:50:39.219Z] [runtime-status] [14224] Running us-central1-api in mode HTTPS {"metadata":{"emulator":{"name":"functions"},"function":{"name":"us-central1-api"},"message":"[runtime-status] [14224] Running us-central1-api in mode HTTPS"}}
[debug] [2021-06-25T17:50:39.220Z] [runtime-status] [14224] Attempting to listen to socketPath: \\?\pipe\C:\Users\ankit upadhya\Documents\web template\amazon clone\amazon-clone\functions\14224 {"metadata":{"emulator":{"name":"functions"},"function":{"name":"us-central1-api"},"message":"[runtime-status] [14224] Attempting to listen to socketPath: \\\\?\\pipe\\C:\\Users\\ankit upadhya\\Documents\\web template\\amazon clone\\amazon-clone\\functions\\14224"}}
[debug] [2021-06-25T17:50:39.223Z] [functions] Runtime ready! Sending request! {"metadata":{"emulator":{"name":"functions"},"message":"[functions] Runtime ready! Sending request!"}}
[debug] [2021-06-25T17:50:39.228Z] [functions] Got req.url=/clone-4b8d7/us-central1/api/payments/create?total=0, mapping to path=/payments/create?total=0 {"metadata":{"emulator":{"name":"functions"},"message":"[functions] Got req.url=/clone-4b8d7/us-central1/api/payments/create?total=0, mapping to path=/payments/create?total=0"}}
[debug] [2021-06-25T17:50:39.236Z] [runtime-status] [14224] Ephemeral server handling POST request {"metadata":{"emulator":{"name":"functions"},"function":{"name":"us-central1-api"},"message":"[runtime-status] [14224] Ephemeral server handling POST request"}}
[info] >  Payment Request Recieved Boom!! for this amount>>> 0 {"user":"Payment Request Recieved Boom!! for this amount>>> 0","metadata":{"emulator":{"name":"functions"},"function":{"name":"us-central1-api"},"message":"\u001b[90m> \u001b[39m Payment Request Recieved Boom!! for this amount>>> 0"}}
[debug] [2021-06-25T17:50:39.243Z] [runtime-status] [14224] Ephemeral server survived. {"metadata":{"emulator":{"name":"functions"},"function":{"name":"us-central1-api"},"message":"[runtime-status] [14224] Ephemeral server survived."}}
[info] >  (node:14224) UnhandledPromiseRejectionWarning: Error: This value must be greater than or equal to 1. {"user":"(node:14224) UnhandledPromiseRejectionWarning: Error: This value must be greater than or equal to 1.","metadata":{"emulator":{"name":"functions"},"function":{"name":"us-central1-api"},"message":"\u001b[90m> \u001b[39m (node:14224) UnhandledPromiseRejectionWarning: Error: This value must be greater than or equal to 1."}}
[info] >      at Function.generate (C:\Users\ankit upadhya\Documents\web template\amazon clone\amazon-clone\functions\node_modules\stripe\lib\Error.js:40:16) {"user":"    at Function.generate (C:\\Users\\ankit upadhya\\Documents\\web template\\amazon clone\\amazon-clone\\functions\\node_modules\\stripe\\lib\\Error.js:40:16)","metadata":{"emulator":{"name":"functions"},"function":{"name":"us-central1-api"},"message":"\u001b[90m> \u001b[39m     at Function.generate (C:\\Users\\ankit upadhya\\Documents\\web template\\amazon clone\\amazon-clone\\functions\\node_modules\\stripe\\lib\\Error.js:40:16)"}}
[info] >      at IncomingMessage.<anonymous> (C:\Users\ankit upadhya\Documents\web template\amazon clone\amazon-clone\functions\node_modules\stripe\lib\StripeResource.js:180:33) {"user":"    at IncomingMessage.<anonymous> (C:\\Users\\ankit upadhya\\Documents\\web template\\amazon clone\\amazon-clone\\functions\\node_modules\\stripe\\lib\\StripeResource.js:180:33)","metadata":{"emulator":{"name":"functions"},"function":{"name":"us-central1-api"},"message":"\u001b[90m> \u001b[39m     at IncomingMessage.<anonymous> (C:\\Users\\ankit upadhya\\Documents\\web template\\amazon clone\\amazon-clone\\functions\\node_modules\\stripe\\lib\\StripeResource.js:180:33)"}}
[info] >      at Object.onceWrapper (events.js:482:28) {"user":"    at Object.onceWrapper (events.js:482:28)","metadata":{"emulator":{"name":"functions"},"function":{"name":"us-central1-api"},"message":"\u001b[90m> \u001b[39m     at Object.onceWrapper (events.js:482:28)"}}
[info] >      at IncomingMessage.emit (events.js:388:22) {"user":"    at IncomingMessage.emit (events.js:388:22)","metadata":{"emulator":{"name":"functions"},"function":{"name":"us-central1-api"},"message":"\u001b[90m> \u001b[39m     at IncomingMessage.emit (events.js:388:22)"}}
[info] >      at endReadableNT (internal/streams/readable.js:1336:12) {"user":"    at endReadableNT (internal/streams/readable.js:1336:12)","metadata":{"emulator":{"name":"functions"},"function":{"name":"us-central1-api"},"message":"\u001b[90m> \u001b[39m     at endReadableNT (internal/streams/readable.js:1336:12)"}}
[info] >      at processTicksAndRejections (internal/process/task_queues.js:82:21) {"user":"    at processTicksAndRejections (internal/process/task_queues.js:82:21)","metadata":{"emulator":{"name":"functions"},"function":{"name":"us-central1-api"},"message":"\u001b[90m> \u001b[39m     at processTicksAndRejections (internal/process/task_queues.js:82:21)"}}
[info] >  (Use `node --trace-warnings ...` to show where the warning was created) {"user":"(Use `node --trace-warnings ...` to show where the warning was created)","metadata":{"emulator":{"name":"functions"},"function":{"name":"us-central1-api"},"message":"\u001b[90m> \u001b[39m (Use `node --trace-warnings ...` to show where the warning was created)"}}
[info] >  (node:14224) UnhandledPromiseRejectionWarning: Unhandled promise rejection. This error originated either by throwing inside of an async function without a catch block, or by rejecting a promise which was not handled with .catch(). To terminate the node process on unhandled promise rejection, use the CLI flag `--unhandled-rejections=strict` (see https://nodejs.org/api/cli.html#cli_unhandled_rejections_mode). (rejection id: 1) {"user":"(node:14224) UnhandledPromiseRejectionWarning: Unhandled promise rejection. This error originated either by throwing inside of an async function without a catch block, or by rejecting a promise which was not handled with .catch(). To terminate the node process on unhandled promise rejection, use the CLI flag `--unhandled-rejections=strict` (see https://nodejs.org/api/cli.html#cli_unhandled_rejections_mode). (rejection id: 1)","metadata":{"emulator":{"name":"functions"},"function":{"name":"us-central1-api"},"message":"\u001b[90m> \u001b[39m (node:14224) UnhandledPromiseRejectionWarning: Unhandled promise rejection. This error originated either by throwing inside of an async function without a catch block, or by rejecting a promise which was not handled with .catch(). To terminate the node process on unhandled promise rejection, use the CLI flag `--unhandled-rejections=strict` (see https://nodejs.org/api/cli.html#cli_unhandled_rejections_mode). (rejection id: 1)"}}
[info] >  (node:14224) [DEP0018] DeprecationWarning: Unhandled promise rejections are deprecated. In the future, promise rejections that are not handled will terminate the Node.js process with a non-zero exit code. {"user":"(node:14224) [DEP0018] DeprecationWarning: Unhandled promise rejections are deprecated. In the future, promise rejections that are not handled will terminate the Node.js process with a non-zero exit code.","metadata":{"emulator":{"name":"functions"},"function":{"name":"us-central1-api"},"message":"\u001b[90m> \u001b[39m (node:14224) [DEP0018] DeprecationWarning: Unhandled promise rejections are deprecated. In the future, promise rejections that are not handled will terminate the Node.js process with a non-zero exit code."}}
[warn] !  functions: Your function timed out after ~60s. To configure this timeout, see
      https://firebase.google.com/docs/functions/manage-functions#set_timeout_and_memory_allocation. {"metadata":{"emulator":{"name":"functions"},"function":{"name":"us-central1-api"},"message":"Your function timed out after ~60s. To configure this timeout, see\n      https://firebase.google.com/docs/functions/manage-functions#set_timeout_and_memory_allocation."}}
[info] >  C:\Users\ankit upadhya\AppData\Roaming\npm\node_modules\firebase-tools\lib\emulator\functionsEmulatorRuntime.js:648 {"user":"C:\\Users\\ankit upadhya\\AppData\\Roaming\\npm\\node_modules\\firebase-tools\\lib\\emulator\\functionsEmulatorRuntime.js:648\r","metadata":{"emulator":{"name":"functions"},"function":{"name":"us-central1-api"},"message":"\u001b[90m> \u001b[39m C:\\Users\\ankit upadhya\\AppData\\Roaming\\npm\\node_modules\\firebase-tools\\lib\\emulator\\functionsEmulatorRuntime.js:648\r"}}
[info] >              throw new Error("Function timed out."); {"user":"            throw new Error(\"Function timed out.\");\r","metadata":{"emulator":{"name":"functions"},"function":{"name":"us-central1-api"},"message":"\u001b[90m> \u001b[39m             throw new Error(\"Function timed out.\");\r"}}
[info] >              ^ {"user":"            ^\r","metadata":{"emulator":{"name":"functions"},"function":{"name":"us-central1-api"},"message":"\u001b[90m> \u001b[39m             ^\r"}}
[info] >   {"user":"\r","metadata":{"emulator":{"name":"functions"},"function":{"name":"us-central1-api"},"message":"\u001b[90m> \u001b[39m \r"}}
[info] >  Error: Function timed out. {"user":"Error: Function timed out.\r","metadata":{"emulator":{"name":"functions"},"function":{"name":"us-central1-api"},"message":"\u001b[90m> \u001b[39m Error: Function timed out.\r"}}
[info] >      at Timeout._onTimeout (C:\Users\ankit upadhya\AppData\Roaming\npm\node_modules\firebase-tools\lib\emulator\functionsEmulatorRuntime.js:648:19) {"user":"    at Timeout._onTimeout (C:\\Users\\ankit upadhya\\AppData\\Roaming\\npm\\node_modules\\firebase-tools\\lib\\emulator\\functionsEmulatorRuntime.js:648:19)\r","metadata":{"emulator":{"name":"functions"},"function":{"name":"us-central1-api"},"message":"\u001b[90m> \u001b[39m     at Timeout._onTimeout (C:\\Users\\ankit upadhya\\AppData\\Roaming\\npm\\node_modules\\firebase-tools\\lib\\emulator\\functionsEmulatorRuntime.js:648:19)\r"}}
[info] >      at listOnTimeout (internal/timers.js:555:17) {"user":"    at listOnTimeout (internal/timers.js:555:17)\r","metadata":{"emulator":{"name":"functions"},"function":{"name":"us-central1-api"},"message":"\u001b[90m> \u001b[39m     at listOnTimeout (internal/timers.js:555:17)\r"}}
[info] >      at processTimers (internal/timers.js:498:7) {"user":"    at processTimers (internal/timers.js:498:7)\r","metadata":{"emulator":{"name":"functions"},"function":{"name":"us-central1-api"},"message":"\u001b[90m> \u001b[39m     at processTimers (internal/timers.js:498:7)\r"}}
[debug] [2021-06-25T17:51:39.286Z] [worker-us-central1-api-1c6458a0-68aa-4656-a845-5b4f2d032599]: exited {"metadata":{"emulator":{"name":"functions"},"message":"[worker-us-central1-api-1c6458a0-68aa-4656-a845-5b4f2d032599]: exited"}}
[debug] [2021-06-25T17:51:39.286Z] [worker-us-central1-api-1c6458a0-68aa-4656-a845-5b4f2d032599]: FINISHED {"metadata":{"emulator":{"name":"functions"},"message":"[worker-us-central1-api-1c6458a0-68aa-4656-a845-5b4f2d032599]: FINISHED"}}
[debug] [2021-06-25T17:51:39.287Z] [work-queue] {"queueLength":0,"workRunningCount":0}
[debug] [2021-06-25T18:04:43.171Z] Received signal SIGHUP 1
